2026-02-10 15:10:52,179 - INFO - ============================================================
2026-02-10 15:10:52,179 - INFO - OMNICAPITAL v6 - PAPER TRADING DEMO
2026-02-10 15:10:52,179 - INFO - ============================================================
2026-02-10 15:10:52,179 - INFO - Hold time: 1200 min (20.0h)
2026-02-10 15:10:52,179 - INFO - Stop loss: -20%
2026-02-10 15:10:52,179 - INFO - Leverage: 2.0:1
2026-02-10 15:10:52,179 - INFO - Positions: 5
2026-02-10 15:10:52,179 - INFO - Iniciando demo de trading...
2026-02-10 15:10:52,180 - INFO - Simulando 30 ciclos de trading
2026-02-10 15:10:52,180 - INFO - ============================================================
2026-02-10 15:10:52,180 - INFO - Paper broker conectado. Cash: $100,000.00
2026-02-10 15:10:52,180 - INFO - BUY MSFT: 90.47 @ $420.02 | Cost: $38000.09
2026-02-10 15:10:52,180 - INFO - BUY AAPL: 205.63 @ $184.79 | Cost: $38000.21
2026-02-10 15:10:52,180 - WARNING - Fondos insuficientes para GOOGL: $23999.70 < $38000.23
2026-02-10 15:10:52,180 - WARNING - Fondos insuficientes para JNJ: $23999.70 < $38000.24
2026-02-10 15:10:52,180 - WARNING - Fondos insuficientes para TSLA: $23999.70 < $38000.20
2026-02-10 15:10:52,180 - INFO - PORTFOLIO: $99,999.70 | DD: -0.00% | Pos: 2/5 | Cash: $23,999.70 | Lev: 2.0x | Prot: False | [MSFT(90), AAPL(206)]
2026-02-10 15:10:52,681 - INFO - BUY AMZN: 52.62 @ $173.30 | Cost: $9119.94
2026-02-10 15:10:52,681 - INFO - BUY GOOGL: 54.95 @ $165.96 | Cost: $9119.94
2026-02-10 15:10:52,681 - WARNING - Fondos insuficientes para JPM: $5759.82 < $9119.93
2026-02-10 15:10:53,183 - INFO - BUY JPM: 11.30 @ $193.62 | Cost: $2188.74
2026-02-10 15:10:54,686 - INFO - PORTFOLIO: $100,138.76 | DD: 0.00% | Pos: 5/5 | Cash: $3,571.08 | Lev: 2.0x | Prot: False | [MSFT(90), AAPL(206), AMZN(53), GOOGL(55), JPM(11)]
2026-02-10 15:10:57,190 - INFO - PORTFOLIO: $99,752.46 | DD: -0.63% | Pos: 5/5 | Cash: $3,571.08 | Lev: 2.0x | Prot: False | [MSFT(90), AAPL(206), AMZN(53), GOOGL(55), JPM(11)]
2026-02-10 15:10:59,694 - INFO - PORTFOLIO: $100,045.43 | DD: -0.34% | Pos: 5/5 | Cash: $3,571.08 | Lev: 2.0x | Prot: False | [MSFT(90), AAPL(206), AMZN(53), GOOGL(55), JPM(11)]
2026-02-10 15:11:02,203 - INFO - PORTFOLIO: $100,715.06 | DD: 0.00% | Pos: 5/5 | Cash: $3,571.08 | Lev: 2.0x | Prot: False | [MSFT(90), AAPL(206), AMZN(53), GOOGL(55), JPM(11)]
2026-02-10 15:11:04,706 - INFO - PORTFOLIO: $100,208.41 | DD: -0.55% | Pos: 5/5 | Cash: $3,571.08 | Lev: 2.0x | Prot: False | [MSFT(90), AAPL(206), AMZN(53), GOOGL(55), JPM(11)]
2026-02-10 15:11:06,711 - INFO - PORTFOLIO: $100,641.87 | DD: -0.12% | Pos: 5/5 | Cash: $3,571.08 | Lev: 2.0x | Prot: False | [MSFT(90), AAPL(206), AMZN(53), GOOGL(55), JPM(11)]
2026-02-10 15:11:07,211 - INFO - ============================================================
2026-02-10 15:11:07,212 - INFO - DEMO COMPLETADO - REPORTE FINAL
2026-02-10 15:11:07,212 - INFO - ============================================================
2026-02-10 15:11:07,212 - INFO - Capital inicial:  $100,000.00
2026-02-10 15:11:07,212 - INFO - Capital final:    $100,641.87
2026-02-10 15:11:07,212 - INFO - Return:           0.64%
2026-02-10 15:11:07,212 - INFO - Peak value:       $100,760.29
2026-02-10 15:11:07,212 - INFO - Max drawdown:     -0.12%
2026-02-10 15:11:07,212 - INFO - Trades:           5
2026-02-10 15:11:07,212 - INFO - Stop events:      0
2026-02-10 15:11:07,212 - INFO - Posiciones finales: 5
2026-02-10 15:11:07,212 - INFO - Posiciones abiertas:
2026-02-10 15:11:07,212 - INFO -   MSFT: 90.47 @ $420.02 (P&L: $-518.36)
2026-02-10 15:11:07,212 - INFO -   AAPL: 205.63 @ $184.79 (P&L: $1505.87)
2026-02-10 15:11:07,212 - INFO -   AMZN: 52.62 @ $173.30 (P&L: $-156.76)
2026-02-10 15:11:07,212 - INFO -   GOOGL: 54.95 @ $165.96 (P&L: $-181.19)
2026-02-10 15:11:07,212 - INFO -   JPM: 11.30 @ $193.62 (P&L: $-7.27)
2026-02-10 15:11:07,213 - INFO - Estado guardado: demo_state.json
